find_header: checking for sqlite3.h... -------------------- yes

"gcc -o conftest -I/usr/include/x86_64-linux -I/usr/include/ruby/backward -I/usr/include -I/usr/local/share/gems/gems/sqlite3-1.3.5/ext/sqlite3    -O2 -g -pipe -Wall -Wp,-D_FORTIFY_SOURCE=2 -fexceptions -fstack-protector --param=ssp-buffer-size=4 -mtune=generic -fPIC conftest.c  -L. -L/usr/lib64 -L. -Wl,-z,relro -rdynamic -Wl,-export-dynamic  -m64   -lruby  -lpthread -lrt -ldl -lcrypt -lm   -lc"
checked program was:
/* begin */
1: #include "ruby.h"
2: 
3: int main(int argc, char **argv)
4: {
5:   return 0;
6: }
/* end */

"gcc -E -I/usr/include/x86_64-linux -I/usr/include/ruby/backward -I/usr/include -I/usr/local/share/gems/gems/sqlite3-1.3.5/ext/sqlite3    -O2 -g -pipe -Wall -Wp,-D_FORTIFY_SOURCE=2 -fexceptions -fstack-protector --param=ssp-buffer-size=4 -mtune=generic -fPIC  conftest.c -o conftest.i"
checked program was:
/* begin */
1: #include "ruby.h"
2: 
3: #include <sqlite3.h>
/* end */

--------------------

find_library: checking for sqlite3_libversion_number() in -lsqlite3... -------------------- yes

"gcc -o conftest -I/usr/include/x86_64-linux -I/usr/include/ruby/backward -I/usr/include -I/usr/local/share/gems/gems/sqlite3-1.3.5/ext/sqlite3    -O2 -g -pipe -Wall -Wp,-D_FORTIFY_SOURCE=2 -fexceptions -fstack-protector --param=ssp-buffer-size=4 -mtune=generic -fPIC conftest.c  -L. -L/usr/lib64 -L. -Wl,-z,relro -rdynamic -Wl,-export-dynamic  -m64   -lruby -lsqlite3  -lpthread -lrt -ldl -lcrypt -lm   -lc"
conftest.c: In function ‘t’:
conftest.c:4:53: error: ‘sqlite3_libversion_number’ undeclared (first use in this function)
conftest.c:4:53: note: each undeclared identifier is reported only once for each function it appears in
conftest.c:4:28: warning: variable ‘p’ set but not used [-Wunused-but-set-variable]
checked program was:
/* begin */
 1: #include "ruby.h"
 2: 
 3: /*top*/
 4: int t() { void ((*volatile p)()); p = (void ((*)()))sqlite3_libversion_number; return 0; }
 5: int main(int argc, char **argv)
 6: {
 7:   if (argc > 1000000) {
 8:     printf("%p", &t);
 9:   }
10: 
11:   return 0;
12: }
/* end */

"gcc -o conftest -I/usr/include/x86_64-linux -I/usr/include/ruby/backward -I/usr/include -I/usr/local/share/gems/gems/sqlite3-1.3.5/ext/sqlite3    -O2 -g -pipe -Wall -Wp,-D_FORTIFY_SOURCE=2 -fexceptions -fstack-protector --param=ssp-buffer-size=4 -mtune=generic -fPIC conftest.c  -L. -L/usr/lib64 -L. -Wl,-z,relro -rdynamic -Wl,-export-dynamic  -m64   -lruby -lsqlite3  -lpthread -lrt -ldl -lcrypt -lm   -lc"
conftest.c: In function ‘t’:
conftest.c:4:1: warning: implicit declaration of function ‘sqlite3_libversion_number’ [-Wimplicit-function-declaration]
checked program was:
/* begin */
 1: #include "ruby.h"
 2: 
 3: /*top*/
 4: int t() { sqlite3_libversion_number(); return 0; }
 5: int main(int argc, char **argv)
 6: {
 7:   if (argc > 1000000) {
 8:     printf("%p", &t);
 9:   }
10: 
11:   return 0;
12: }
/* end */

--------------------

have_func: checking for rb_proc_arity()... -------------------- yes

"gcc -o conftest -I/usr/include/x86_64-linux -I/usr/include/ruby/backward -I/usr/include -I/usr/local/share/gems/gems/sqlite3-1.3.5/ext/sqlite3    -O2 -g -pipe -Wall -Wp,-D_FORTIFY_SOURCE=2 -fexceptions -fstack-protector --param=ssp-buffer-size=4 -mtune=generic -fPIC conftest.c  -L. -L/usr/lib64 -L. -Wl,-z,relro -rdynamic -Wl,-export-dynamic  -m64  -lsqlite3  -lruby -lsqlite3  -lpthread -lrt -ldl -lcrypt -lm   -lc"
conftest.c: In function ‘t’:
conftest.c:4:28: warning: variable ‘p’ set but not used [-Wunused-but-set-variable]
checked program was:
/* begin */
 1: #include "ruby.h"
 2: 
 3: /*top*/
 4: int t() { void ((*volatile p)()); p = (void ((*)()))rb_proc_arity; return 0; }
 5: int main(int argc, char **argv)
 6: {
 7:   if (argc > 1000000) {
 8:     printf("%p", &t);
 9:   }
10: 
11:   return 0;
12: }
/* end */

--------------------

have_func: checking for sqlite3_initialize()... -------------------- yes

"gcc -o conftest -I/usr/include/x86_64-linux -I/usr/include/ruby/backward -I/usr/include -I/usr/local/share/gems/gems/sqlite3-1.3.5/ext/sqlite3    -O2 -g -pipe -Wall -Wp,-D_FORTIFY_SOURCE=2 -fexceptions -fstack-protector --param=ssp-buffer-size=4 -mtune=generic -fPIC conftest.c  -L. -L/usr/lib64 -L. -Wl,-z,relro -rdynamic -Wl,-export-dynamic  -m64  -lsqlite3  -lruby -lsqlite3  -lpthread -lrt -ldl -lcrypt -lm   -lc"
conftest.c: In function ‘t’:
conftest.c:4:53: error: ‘sqlite3_initialize’ undeclared (first use in this function)
conftest.c:4:53: note: each undeclared identifier is reported only once for each function it appears in
conftest.c:4:28: warning: variable ‘p’ set but not used [-Wunused-but-set-variable]
checked program was:
/* begin */
 1: #include "ruby.h"
 2: 
 3: /*top*/
 4: int t() { void ((*volatile p)()); p = (void ((*)()))sqlite3_initialize; return 0; }
 5: int main(int argc, char **argv)
 6: {
 7:   if (argc > 1000000) {
 8:     printf("%p", &t);
 9:   }
10: 
11:   return 0;
12: }
/* end */

"gcc -o conftest -I/usr/include/x86_64-linux -I/usr/include/ruby/backward -I/usr/include -I/usr/local/share/gems/gems/sqlite3-1.3.5/ext/sqlite3    -O2 -g -pipe -Wall -Wp,-D_FORTIFY_SOURCE=2 -fexceptions -fstack-protector --param=ssp-buffer-size=4 -mtune=generic -fPIC conftest.c  -L. -L/usr/lib64 -L. -Wl,-z,relro -rdynamic -Wl,-export-dynamic  -m64  -lsqlite3  -lruby -lsqlite3  -lpthread -lrt -ldl -lcrypt -lm   -lc"
conftest.c: In function ‘t’:
conftest.c:4:1: warning: implicit declaration of function ‘sqlite3_initialize’ [-Wimplicit-function-declaration]
checked program was:
/* begin */
 1: #include "ruby.h"
 2: 
 3: /*top*/
 4: int t() { sqlite3_initialize(); return 0; }
 5: int main(int argc, char **argv)
 6: {
 7:   if (argc > 1000000) {
 8:     printf("%p", &t);
 9:   }
10: 
11:   return 0;
12: }
/* end */

--------------------

have_func: checking for sqlite3_backup_init()... -------------------- yes

"gcc -o conftest -I/usr/include/x86_64-linux -I/usr/include/ruby/backward -I/usr/include -I/usr/local/share/gems/gems/sqlite3-1.3.5/ext/sqlite3    -O2 -g -pipe -Wall -Wp,-D_FORTIFY_SOURCE=2 -fexceptions -fstack-protector --param=ssp-buffer-size=4 -mtune=generic -fPIC conftest.c  -L. -L/usr/lib64 -L. -Wl,-z,relro -rdynamic -Wl,-export-dynamic  -m64  -lsqlite3  -lruby -lsqlite3  -lpthread -lrt -ldl -lcrypt -lm   -lc"
conftest.c: In function ‘t’:
conftest.c:4:53: error: ‘sqlite3_backup_init’ undeclared (first use in this function)
conftest.c:4:53: note: each undeclared identifier is reported only once for each function it appears in
conftest.c:4:28: warning: variable ‘p’ set but not used [-Wunused-but-set-variable]
checked program was:
/* begin */
 1: #include "ruby.h"
 2: 
 3: /*top*/
 4: int t() { void ((*volatile p)()); p = (void ((*)()))sqlite3_backup_init; return 0; }
 5: int main(int argc, char **argv)
 6: {
 7:   if (argc > 1000000) {
 8:     printf("%p", &t);
 9:   }
10: 
11:   return 0;
12: }
/* end */

"gcc -o conftest -I/usr/include/x86_64-linux -I/usr/include/ruby/backward -I/usr/include -I/usr/local/share/gems/gems/sqlite3-1.3.5/ext/sqlite3    -O2 -g -pipe -Wall -Wp,-D_FORTIFY_SOURCE=2 -fexceptions -fstack-protector --param=ssp-buffer-size=4 -mtune=generic -fPIC conftest.c  -L. -L/usr/lib64 -L. -Wl,-z,relro -rdynamic -Wl,-export-dynamic  -m64  -lsqlite3  -lruby -lsqlite3  -lpthread -lrt -ldl -lcrypt -lm   -lc"
conftest.c: In function ‘t’:
conftest.c:4:1: warning: implicit declaration of function ‘sqlite3_backup_init’ [-Wimplicit-function-declaration]
checked program was:
/* begin */
 1: #include "ruby.h"
 2: 
 3: /*top*/
 4: int t() { sqlite3_backup_init(); return 0; }
 5: int main(int argc, char **argv)
 6: {
 7:   if (argc > 1000000) {
 8:     printf("%p", &t);
 9:   }
10: 
11:   return 0;
12: }
/* end */

--------------------

have_func: checking for sqlite3_column_database_name()... -------------------- yes

"gcc -o conftest -I/usr/include/x86_64-linux -I/usr/include/ruby/backward -I/usr/include -I/usr/local/share/gems/gems/sqlite3-1.3.5/ext/sqlite3    -O2 -g -pipe -Wall -Wp,-D_FORTIFY_SOURCE=2 -fexceptions -fstack-protector --param=ssp-buffer-size=4 -mtune=generic -fPIC conftest.c  -L. -L/usr/lib64 -L. -Wl,-z,relro -rdynamic -Wl,-export-dynamic  -m64  -lsqlite3  -lruby -lsqlite3  -lpthread -lrt -ldl -lcrypt -lm   -lc"
conftest.c: In function ‘t’:
conftest.c:4:53: error: ‘sqlite3_column_database_name’ undeclared (first use in this function)
conftest.c:4:53: note: each undeclared identifier is reported only once for each function it appears in
conftest.c:4:28: warning: variable ‘p’ set but not used [-Wunused-but-set-variable]
checked program was:
/* begin */
 1: #include "ruby.h"
 2: 
 3: /*top*/
 4: int t() { void ((*volatile p)()); p = (void ((*)()))sqlite3_column_database_name; return 0; }
 5: int main(int argc, char **argv)
 6: {
 7:   if (argc > 1000000) {
 8:     printf("%p", &t);
 9:   }
10: 
11:   return 0;
12: }
/* end */

"gcc -o conftest -I/usr/include/x86_64-linux -I/usr/include/ruby/backward -I/usr/include -I/usr/local/share/gems/gems/sqlite3-1.3.5/ext/sqlite3    -O2 -g -pipe -Wall -Wp,-D_FORTIFY_SOURCE=2 -fexceptions -fstack-protector --param=ssp-buffer-size=4 -mtune=generic -fPIC conftest.c  -L. -L/usr/lib64 -L. -Wl,-z,relro -rdynamic -Wl,-export-dynamic  -m64  -lsqlite3  -lruby -lsqlite3  -lpthread -lrt -ldl -lcrypt -lm   -lc"
conftest.c: In function ‘t’:
conftest.c:4:1: warning: implicit declaration of function ‘sqlite3_column_database_name’ [-Wimplicit-function-declaration]
checked program was:
/* begin */
 1: #include "ruby.h"
 2: 
 3: /*top*/
 4: int t() { sqlite3_column_database_name(); return 0; }
 5: int main(int argc, char **argv)
 6: {
 7:   if (argc > 1000000) {
 8:     printf("%p", &t);
 9:   }
10: 
11:   return 0;
12: }
/* end */

--------------------

have_func: checking for sqlite3_enable_load_extension()... -------------------- yes

"gcc -o conftest -I/usr/include/x86_64-linux -I/usr/include/ruby/backward -I/usr/include -I/usr/local/share/gems/gems/sqlite3-1.3.5/ext/sqlite3    -O2 -g -pipe -Wall -Wp,-D_FORTIFY_SOURCE=2 -fexceptions -fstack-protector --param=ssp-buffer-size=4 -mtune=generic -fPIC conftest.c  -L. -L/usr/lib64 -L. -Wl,-z,relro -rdynamic -Wl,-export-dynamic  -m64  -lsqlite3  -lruby -lsqlite3  -lpthread -lrt -ldl -lcrypt -lm   -lc"
conftest.c: In function ‘t’:
conftest.c:4:53: error: ‘sqlite3_enable_load_extension’ undeclared (first use in this function)
conftest.c:4:53: note: each undeclared identifier is reported only once for each function it appears in
conftest.c:4:28: warning: variable ‘p’ set but not used [-Wunused-but-set-variable]
checked program was:
/* begin */
 1: #include "ruby.h"
 2: 
 3: /*top*/
 4: int t() { void ((*volatile p)()); p = (void ((*)()))sqlite3_enable_load_extension; return 0; }
 5: int main(int argc, char **argv)
 6: {
 7:   if (argc > 1000000) {
 8:     printf("%p", &t);
 9:   }
10: 
11:   return 0;
12: }
/* end */

"gcc -o conftest -I/usr/include/x86_64-linux -I/usr/include/ruby/backward -I/usr/include -I/usr/local/share/gems/gems/sqlite3-1.3.5/ext/sqlite3    -O2 -g -pipe -Wall -Wp,-D_FORTIFY_SOURCE=2 -fexceptions -fstack-protector --param=ssp-buffer-size=4 -mtune=generic -fPIC conftest.c  -L. -L/usr/lib64 -L. -Wl,-z,relro -rdynamic -Wl,-export-dynamic  -m64  -lsqlite3  -lruby -lsqlite3  -lpthread -lrt -ldl -lcrypt -lm   -lc"
conftest.c: In function ‘t’:
conftest.c:4:1: warning: implicit declaration of function ‘sqlite3_enable_load_extension’ [-Wimplicit-function-declaration]
checked program was:
/* begin */
 1: #include "ruby.h"
 2: 
 3: /*top*/
 4: int t() { sqlite3_enable_load_extension(); return 0; }
 5: int main(int argc, char **argv)
 6: {
 7:   if (argc > 1000000) {
 8:     printf("%p", &t);
 9:   }
10: 
11:   return 0;
12: }
/* end */

--------------------

have_func: checking for sqlite3_load_extension()... -------------------- yes

"gcc -o conftest -I/usr/include/x86_64-linux -I/usr/include/ruby/backward -I/usr/include -I/usr/local/share/gems/gems/sqlite3-1.3.5/ext/sqlite3    -O2 -g -pipe -Wall -Wp,-D_FORTIFY_SOURCE=2 -fexceptions -fstack-protector --param=ssp-buffer-size=4 -mtune=generic -fPIC conftest.c  -L. -L/usr/lib64 -L. -Wl,-z,relro -rdynamic -Wl,-export-dynamic  -m64  -lsqlite3  -lruby -lsqlite3  -lpthread -lrt -ldl -lcrypt -lm   -lc"
conftest.c: In function ‘t’:
conftest.c:4:53: error: ‘sqlite3_load_extension’ undeclared (first use in this function)
conftest.c:4:53: note: each undeclared identifier is reported only once for each function it appears in
conftest.c:4:28: warning: variable ‘p’ set but not used [-Wunused-but-set-variable]
checked program was:
/* begin */
 1: #include "ruby.h"
 2: 
 3: /*top*/
 4: int t() { void ((*volatile p)()); p = (void ((*)()))sqlite3_load_extension; return 0; }
 5: int main(int argc, char **argv)
 6: {
 7:   if (argc > 1000000) {
 8:     printf("%p", &t);
 9:   }
10: 
11:   return 0;
12: }
/* end */

"gcc -o conftest -I/usr/include/x86_64-linux -I/usr/include/ruby/backward -I/usr/include -I/usr/local/share/gems/gems/sqlite3-1.3.5/ext/sqlite3    -O2 -g -pipe -Wall -Wp,-D_FORTIFY_SOURCE=2 -fexceptions -fstack-protector --param=ssp-buffer-size=4 -mtune=generic -fPIC conftest.c  -L. -L/usr/lib64 -L. -Wl,-z,relro -rdynamic -Wl,-export-dynamic  -m64  -lsqlite3  -lruby -lsqlite3  -lpthread -lrt -ldl -lcrypt -lm   -lc"
conftest.c: In function ‘t’:
conftest.c:4:1: warning: implicit declaration of function ‘sqlite3_load_extension’ [-Wimplicit-function-declaration]
checked program was:
/* begin */
 1: #include "ruby.h"
 2: 
 3: /*top*/
 4: int t() { sqlite3_load_extension(); return 0; }
 5: int main(int argc, char **argv)
 6: {
 7:   if (argc > 1000000) {
 8:     printf("%p", &t);
 9:   }
10: 
11:   return 0;
12: }
/* end */

--------------------

